<?xml version="1.0" encoding="UTF-8"?>
<persistence version="2.1" xmlns="http://xmlns.jcp.org/xml/ns/persistence" xmlns:xsi="http://www.w3.org/2001/XMLSchema-instance" xsi:schemaLocation="http://xmlns.jcp.org/xml/ns/persistence http://xmlns.jcp.org/xml/ns/persistence/persistence_2_1.xsd">
    <persistence-unit name="delivery-optimization_PU1" transaction-type="JTA">
        <provider>org.hibernate.ejb.HibernatePersistence</provider>
        <!--<jta-data-source>java:/jboss/datasources/ExampleDS</jta-data-source>-->
        <exclude-unlisted-classes>false</exclude-unlisted-classes>
        <shared-cache-mode>NONE</shared-cache-mode>
        <properties>
            <property name="javax.persistence.jdbc.url" value="jdbc:h2:mem:test;DB_CLOSE_DELAY=-1;DB_CLOSE_ON_EXIT=TRUE"/>
            <property name="javax.persistence.jdbc.user" value="sa"/>
            <property name="javax.persistence.jdbc.password" value="sa"/>
            <!--<property name="" value="sa"/>-->
            <property name="hibernate.dialect" value="org.hibernate.dialect.H2Dialect"/>
            <property name="hibernate.hbm2ddl.auto" value="update"/>
            <property name="javax.persistence.schema-generation.database.action" value="none"/>
        </properties>
    </persistence-unit>
</persistence>
